TN:
SF:src\dictionaries\RyczaltHealthContributionRate.ts
FN:1,(anonymous_0)
FNF:1
FNH:1
FNDA:1,(anonymous_0)
DA:1,1
DA:2,1
DA:3,1
DA:4,1
LF:4
LH:4
BRDA:1,0,0,1
BRDA:1,0,1,1
BRF:2
BRH:2
end_of_record
TN:
SF:src\utils\CalculateFlatTax.ts
FN:1,(anonymous_0)
FNF:1
FNH:1
FNDA:3,(anonymous_0)
DA:1,1
DA:2,3
DA:3,3
DA:4,3
DA:6,3
DA:7,1
DA:9,3
DA:10,1
DA:13,3
LF:9
LH:9
BRDA:6,0,0,1
BRDA:9,1,0,1
BRF:2
BRH:2
end_of_record
TN:
SF:src\utils\CalculateRyczaltTax.ts
FN:3,(anonymous_0)
FNF:1
FNH:1
FNDA:3,(anonymous_0)
DA:1,1
DA:3,1
DA:4,3
DA:5,3
DA:6,3
DA:7,3
DA:9,3
DA:10,1
DA:12,3
DA:13,2
DA:15,3
DA:16,1
DA:19,3
LF:13
LH:13
BRDA:9,0,0,1
BRDA:12,1,0,2
BRDA:12,2,0,3
BRDA:12,2,1,2
BRDA:15,3,0,1
BRF:5
BRH:5
end_of_record
TN:
SF:src\utils\CalculateScaleTax.ts
FN:1,(anonymous_0)
FNF:1
FNH:1
FNDA:4,(anonymous_0)
DA:1,1
DA:2,4
DA:3,4
DA:4,4
DA:6,4
DA:7,1
DA:9,4
DA:10,1
DA:12,4
DA:13,1
DA:15,4
DA:16,1
DA:19,4
LF:13
LH:13
BRDA:6,0,0,1
BRDA:9,1,0,1
BRDA:9,2,0,4
BRDA:9,2,1,3
BRDA:12,3,0,1
BRDA:12,4,0,4
BRDA:12,4,1,2
BRDA:15,5,0,1
BRF:8
BRH:8
end_of_record
